180811232742	497B, no clear,domain err:
www.juedibinli.cn:8888
HTTP_CONNECTION:keep-alive
HTTP_ACCEPT:text/html,application/xhtml+xml,application/xml;q=0.9,image/webp,image/apng,*/*;q=0.8
HTTP_ACCEPT_ENCODING:gzip, deflate
HTTP_ACCEPT_LANGUAGE:zh-CN,zh;q=0.9,en;q=0.8,zh-TW;q=0.7
HTTP_COOKIE:PHPSESSID=bb96536ebc46e9795e379b25c4c254cd; kss_safe_ver=c23729410d0238f6653be33fc7683264; kss_manager=1%2Cadmin%2C74b9ae661b8cddf781c7a4bd85c44bec%2C15pRUl98s13S98Q8951991iM6MNJ735IKhCwcK1R5an2rPrb; kss_manager_ver=07d204b38b2fe14b83e7e8495c4c33bc
HTTP_HOST:www.juedibinli.cn:8888
HTTP_USER_AGENT:Mozilla/5.0 (Windows NT 10.0; Win64; x64) AppleWebKit/537.36 (KHTML, like Gecko) Chrome/67.0.3396.99 Safari/537.36
HTTP_PROXY_CONNECTION:keep-alive
HTTP_UPGRADE_INSECURE_REQUESTS:1


180811232900	497B, no clear,domain err:
www.juedibinli.cn:8888
HTTP_CACHE_CONTROL:max-age=0
HTTP_CONNECTION:keep-alive
HTTP_ACCEPT:text/html,application/xhtml+xml,application/xml;q=0.9,image/webp,image/apng,*/*;q=0.8
HTTP_ACCEPT_ENCODING:gzip, deflate
HTTP_ACCEPT_LANGUAGE:zh-CN,zh;q=0.9,en;q=0.8,zh-TW;q=0.7
HTTP_COOKIE:PHPSESSID=bb96536ebc46e9795e379b25c4c254cd; kss_safe_ver=c23729410d0238f6653be33fc7683264; kss_manager=1%2Caxing%2C8ccf03839a8c63a3a9de17fa5ac6a191%2CI7lZ81n9BVDzzY8rmNrAcLQ3fJ7pG18pAWwfM2M93aHttB16; kss_manager_ver=9bb200d069c01f00f879e83dc268e2ab
HTTP_HOST:www.juedibinli.cn:8888
HTTP_USER_AGENT:Mozilla/5.0 (Windows NT 10.0; Win64; x64) AppleWebKit/537.36 (KHTML, like Gecko) Chrome/67.0.3396.99 Safari/537.36
HTTP_PROXY_CONNECTION:keep-alive
HTTP_UPGRADE_INSECURE_REQUESTS:1


180811232900	497B, no clear,domain err:
www.juedibinli.cn:8888
HTTP_CACHE_CONTROL:max-age=0
HTTP_CONNECTION:keep-alive
HTTP_ACCEPT:text/html,application/xhtml+xml,application/xml;q=0.9,image/webp,image/apng,*/*;q=0.8
HTTP_ACCEPT_ENCODING:gzip, deflate
HTTP_ACCEPT_LANGUAGE:zh-CN,zh;q=0.9,en;q=0.8,zh-TW;q=0.7
HTTP_COOKIE:PHPSESSID=bb96536ebc46e9795e379b25c4c254cd; kss_safe_ver=c23729410d0238f6653be33fc7683264; kss_manager=1%2Caxing%2C8ccf03839a8c63a3a9de17fa5ac6a191%2CI7lZ81n9BVDzzY8rmNrAcLQ3fJ7pG18pAWwfM2M93aHttB16; kss_manager_ver=9bb200d069c01f00f879e83dc268e2ab
HTTP_HOST:www.juedibinli.cn:8888
HTTP_USER_AGENT:Mozilla/5.0 (Windows NT 10.0; Win64; x64) AppleWebKit/537.36 (KHTML, like Gecko) Chrome/67.0.3396.99 Safari/537.36
HTTP_PROXY_CONNECTION:keep-alive
HTTP_UPGRADE_INSECURE_REQUESTS:1


180811233224	497B, no clear,domain err:
www.juedibinli.cn:8888
HTTP_CACHE_CONTROL:max-age=0
HTTP_CONNECTION:keep-alive
HTTP_ACCEPT:text/html,application/xhtml+xml,application/xml;q=0.9,image/webp,image/apng,*/*;q=0.8
HTTP_ACCEPT_ENCODING:gzip, deflate
HTTP_ACCEPT_LANGUAGE:zh-CN,zh;q=0.9,en;q=0.8,zh-TW;q=0.7
HTTP_COOKIE:PHPSESSID=bb96536ebc46e9795e379b25c4c254cd; kss_safe_ver=c23729410d0238f6653be33fc7683264; kss_manager=1%2Caxing%2C8ccf03839a8c63a3a9de17fa5ac6a191%2CPdk1nCjlfLPg88iAhsJX95J2MIb189ZZIi9J39k3jwtR6k9a; kss_manager_ver=6aeba4d0e9f15f9f2c5b75f411d3ca26
HTTP_HOST:www.juedibinli.cn:8888
HTTP_USER_AGENT:Mozilla/5.0 (Windows NT 10.0; Win64; x64) AppleWebKit/537.36 (KHTML, like Gecko) Chrome/67.0.3396.99 Safari/537.36
HTTP_PROXY_CONNECTION:keep-alive
HTTP_UPGRADE_INSECURE_REQUESTS:1


